
 /----------------------------------------------------------------------------\
 |                                                                            |
 |  yosys -- Yosys Open SYnthesis Suite                                       |
 |                                                                            |
 |  Copyright (C) 2012 - 2020  Claire Xenia Wolf <claire@yosyshq.com>         |
 |                                                                            |
 |  Permission to use, copy, modify, and/or distribute this software for any  |
 |  purpose with or without fee is hereby granted, provided that the above    |
 |  copyright notice and this permission notice appear in all copies.         |
 |                                                                            |
 |  THE SOFTWARE IS PROVIDED "AS IS" AND THE AUTHOR DISCLAIMS ALL WARRANTIES  |
 |  WITH REGARD TO THIS SOFTWARE INCLUDING ALL IMPLIED WARRANTIES OF          |
 |  MERCHANTABILITY AND FITNESS. IN NO EVENT SHALL THE AUTHOR BE LIABLE FOR   |
 |  ANY SPECIAL, DIRECT, INDIRECT, OR CONSEQUENTIAL DAMAGES OR ANY DAMAGES    |
 |  WHATSOEVER RESULTING FROM LOSS OF USE, DATA OR PROFITS, WHETHER IN AN     |
 |  ACTION OF CONTRACT, NEGLIGENCE OR OTHER TORTIOUS ACTION, ARISING OUT OF   |
 |  OR IN CONNECTION WITH THE USE OR PERFORMANCE OF THIS SOFTWARE.            |
 |                                                                            |
 \----------------------------------------------------------------------------/

 Yosys 0.33 (git sha1 2584903a060)


-- Executing script file `synth.ys' --

1. Executing Verilog-2005 frontend: rtl/compute_core.sv
Parsing SystemVerilog input from `rtl/compute_core.sv' to AST representation.
Generating RTLIL representation for module `\compute_core'.
Successfully finished Verilog frontend.

2. Executing Verilog-2005 frontend: rtl/interface.sv
Parsing SystemVerilog input from `rtl/interface.sv' to AST representation.
Generating RTLIL representation for module `\axi_slave'.
Successfully finished Verilog frontend.

3. Executing Verilog-2005 frontend: rtl/top.sv
Parsing SystemVerilog input from `rtl/top.sv' to AST representation.
Generating RTLIL representation for module `\top'.
Successfully finished Verilog frontend.

4. Executing HIERARCHY pass (managing design hierarchy).

4.1. Analyzing design hierarchy..
Top module:  \top
Used module:     \compute_core
Used module:     \axi_slave
Parameter \MAX_DIM = 8

4.2. Executing AST frontend in derive mode using pre-parsed AST for module `\compute_core'.
Parameter \MAX_DIM = 8
Generating RTLIL representation for module `$paramod\compute_core\MAX_DIM=s32'00000000000000000000000000001000'.
Parameter \ADDR_WIDTH = 8

4.3. Executing AST frontend in derive mode using pre-parsed AST for module `\axi_slave'.
Parameter \ADDR_WIDTH = 8
Generating RTLIL representation for module `$paramod\axi_slave\ADDR_WIDTH=s32'00000000000000000000000000001000'.

4.4. Analyzing design hierarchy..
Top module:  \top
Used module:     $paramod\compute_core\MAX_DIM=s32'00000000000000000000000000001000
Used module:     $paramod\axi_slave\ADDR_WIDTH=s32'00000000000000000000000000001000

4.5. Analyzing design hierarchy..
Top module:  \top
Used module:     $paramod\compute_core\MAX_DIM=s32'00000000000000000000000000001000
Used module:     $paramod\axi_slave\ADDR_WIDTH=s32'00000000000000000000000000001000
Removing unused module `\axi_slave'.
Removing unused module `\compute_core'.
Removed 2 unused modules.

5. Executing PROC pass (convert processes to netlists).

5.1. Executing PROC_CLEAN pass (remove empty switches from decision trees).
Cleaned up 0 empty switches.

5.2. Executing PROC_RMDEAD pass (remove dead branches from decision trees).
Marked 1 switch rules as full_case in process $proc$rtl/top.sv:118$37 in module top.
Marked 2 switch rules as full_case in process $proc$rtl/interface.sv:72$79 in module $paramod\axi_slave\ADDR_WIDTH=s32'00000000000000000000000000001000.
Marked 1 switch rules as full_case in process $proc$rtl/interface.sv:68$77 in module $paramod\axi_slave\ADDR_WIDTH=s32'00000000000000000000000000001000.
Marked 1 switch rules as full_case in process $proc$rtl/interface.sv:49$71 in module $paramod\axi_slave\ADDR_WIDTH=s32'00000000000000000000000000001000.
Marked 2 switch rules as full_case in process $proc$rtl/interface.sv:41$66 in module $paramod\axi_slave\ADDR_WIDTH=s32'00000000000000000000000000001000.
Marked 2 switch rules as full_case in process $proc$rtl/interface.sv:33$61 in module $paramod\axi_slave\ADDR_WIDTH=s32'00000000000000000000000000001000.
Marked 2 switch rules as full_case in process $proc$rtl/compute_core.sv:12$48 in module $paramod\compute_core\MAX_DIM=s32'00000000000000000000000000001000.
Removed a total of 0 dead cases.

5.3. Executing PROC_PRUNE pass (remove redundant assignments in processes).
Removed 9 redundant assignments.
Promoted 0 assignments to connections.

5.4. Executing PROC_INIT pass (extract init attributes).

5.5. Executing PROC_ARST pass (detect async resets in processes).

5.6. Executing PROC_ROM pass (convert switches to ROMs).
Converted 0 switches.
<suppressed ~24 debug messages>

5.7. Executing PROC_MUX pass (convert decision trees to multiplexers).
Creating decoders for process `\top.$proc$rtl/top.sv:118$37'.
     1/8: $0\core_b_valid[0:0]
     2/8: $0\core_a_valid[0:0]
     3/8: $0\b_held[0:0]
     4/8: $0\held_b[7:0]
     5/8: $0\a_held[0:0]
     6/8: $0\held_a[7:0]
     7/8: $0\core_b_data[7:0]
     8/8: $0\core_a_data[7:0]
Creating decoders for process `$paramod\axi_slave\ADDR_WIDTH=s32'00000000000000000000000000001000.$proc$rtl/interface.sv:72$79'.
     1/4: $0\s_arready[0:0]
     2/4: $0\s_rresp[1:0]
     3/4: $0\s_rdata[31:0]
     4/4: $0\s_rvalid[0:0]
Creating decoders for process `$paramod\axi_slave\ADDR_WIDTH=s32'00000000000000000000000000001000.$proc$rtl/interface.sv:68$77'.
     1/2: $0\res_v[0:0]
     2/2: $0\res_reg[31:0]
Creating decoders for process `$paramod\axi_slave\ADDR_WIDTH=s32'00000000000000000000000000001000.$proc$rtl/interface.sv:49$71'.
     1/8: $0\core_start[0:0]
     2/8: $0\core_b_valid[0:0]
     3/8: $0\core_a_valid[0:0]
     4/8: $0\dim_reg[3:0]
     5/8: $0\core_b_data[7:0]
     6/8: $0\core_a_data[7:0]
     7/8: $0\s_bresp[1:0]
     8/8: $0\s_bvalid[0:0]
Creating decoders for process `$paramod\axi_slave\ADDR_WIDTH=s32'00000000000000000000000000001000.$proc$rtl/interface.sv:41$66'.
     1/3: $0\s_wready[0:0]
     2/3: $0\wd_v[0:0]
     3/3: $0\wd_reg[31:0]
Creating decoders for process `$paramod\axi_slave\ADDR_WIDTH=s32'00000000000000000000000000001000.$proc$rtl/interface.sv:33$61'.
     1/3: $0\s_awready[0:0]
     2/3: $0\aw_v[0:0]
     3/3: $0\aw_reg[7:0]
Creating decoders for process `$paramod\compute_core\MAX_DIM=s32'00000000000000000000000000001000.$proc$rtl/compute_core.sv:12$48'.
     1/6: $0\result_valid[0:0]
     2/6: $0\computing[0:0]
     3/6: $0\count[3:0]
     4/6: $0\accumulator[31:0]
     5/6: $0\busy[0:0]
     6/6: $0\result[31:0]

5.8. Executing PROC_DLATCH pass (convert process syncs to latches).

5.9. Executing PROC_DFF pass (convert process syncs to FFs).
Creating register for signal `\top.\core_a_data' using process `\top.$proc$rtl/top.sv:118$37'.
  created $dff cell `$procdff$322' with positive edge clock.
Creating register for signal `\top.\core_b_data' using process `\top.$proc$rtl/top.sv:118$37'.
  created $dff cell `$procdff$323' with positive edge clock.
Creating register for signal `\top.\core_a_valid' using process `\top.$proc$rtl/top.sv:118$37'.
  created $dff cell `$procdff$324' with positive edge clock.
Creating register for signal `\top.\core_b_valid' using process `\top.$proc$rtl/top.sv:118$37'.
  created $dff cell `$procdff$325' with positive edge clock.
Creating register for signal `\top.\held_a' using process `\top.$proc$rtl/top.sv:118$37'.
  created $dff cell `$procdff$326' with positive edge clock.
Creating register for signal `\top.\a_held' using process `\top.$proc$rtl/top.sv:118$37'.
  created $dff cell `$procdff$327' with positive edge clock.
Creating register for signal `\top.\held_b' using process `\top.$proc$rtl/top.sv:118$37'.
  created $dff cell `$procdff$328' with positive edge clock.
Creating register for signal `\top.\b_held' using process `\top.$proc$rtl/top.sv:118$37'.
  created $dff cell `$procdff$329' with positive edge clock.
Creating register for signal `$paramod\axi_slave\ADDR_WIDTH=s32'00000000000000000000000000001000.\s_arready' using process `$paramod\axi_slave\ADDR_WIDTH=s32'00000000000000000000000000001000.$proc$rtl/interface.sv:72$79'.
  created $dff cell `$procdff$330' with positive edge clock.
Creating register for signal `$paramod\axi_slave\ADDR_WIDTH=s32'00000000000000000000000000001000.\s_rvalid' using process `$paramod\axi_slave\ADDR_WIDTH=s32'00000000000000000000000000001000.$proc$rtl/interface.sv:72$79'.
  created $dff cell `$procdff$331' with positive edge clock.
Creating register for signal `$paramod\axi_slave\ADDR_WIDTH=s32'00000000000000000000000000001000.\s_rdata' using process `$paramod\axi_slave\ADDR_WIDTH=s32'00000000000000000000000000001000.$proc$rtl/interface.sv:72$79'.
  created $dff cell `$procdff$332' with positive edge clock.
Creating register for signal `$paramod\axi_slave\ADDR_WIDTH=s32'00000000000000000000000000001000.\s_rresp' using process `$paramod\axi_slave\ADDR_WIDTH=s32'00000000000000000000000000001000.$proc$rtl/interface.sv:72$79'.
  created $dff cell `$procdff$333' with positive edge clock.
Creating register for signal `$paramod\axi_slave\ADDR_WIDTH=s32'00000000000000000000000000001000.\res_reg' using process `$paramod\axi_slave\ADDR_WIDTH=s32'00000000000000000000000000001000.$proc$rtl/interface.sv:68$77'.
  created $dff cell `$procdff$334' with positive edge clock.
Creating register for signal `$paramod\axi_slave\ADDR_WIDTH=s32'00000000000000000000000000001000.\res_v' using process `$paramod\axi_slave\ADDR_WIDTH=s32'00000000000000000000000000001000.$proc$rtl/interface.sv:68$77'.
  created $dff cell `$procdff$335' with positive edge clock.
Creating register for signal `$paramod\axi_slave\ADDR_WIDTH=s32'00000000000000000000000000001000.\s_bvalid' using process `$paramod\axi_slave\ADDR_WIDTH=s32'00000000000000000000000000001000.$proc$rtl/interface.sv:49$71'.
  created $dff cell `$procdff$336' with positive edge clock.
Creating register for signal `$paramod\axi_slave\ADDR_WIDTH=s32'00000000000000000000000000001000.\s_bresp' using process `$paramod\axi_slave\ADDR_WIDTH=s32'00000000000000000000000000001000.$proc$rtl/interface.sv:49$71'.
  created $dff cell `$procdff$337' with positive edge clock.
Creating register for signal `$paramod\axi_slave\ADDR_WIDTH=s32'00000000000000000000000000001000.\core_a_data' using process `$paramod\axi_slave\ADDR_WIDTH=s32'00000000000000000000000000001000.$proc$rtl/interface.sv:49$71'.
  created $dff cell `$procdff$338' with positive edge clock.
Creating register for signal `$paramod\axi_slave\ADDR_WIDTH=s32'00000000000000000000000000001000.\core_b_data' using process `$paramod\axi_slave\ADDR_WIDTH=s32'00000000000000000000000000001000.$proc$rtl/interface.sv:49$71'.
  created $dff cell `$procdff$339' with positive edge clock.
Creating register for signal `$paramod\axi_slave\ADDR_WIDTH=s32'00000000000000000000000000001000.\core_a_valid' using process `$paramod\axi_slave\ADDR_WIDTH=s32'00000000000000000000000000001000.$proc$rtl/interface.sv:49$71'.
  created $dff cell `$procdff$340' with positive edge clock.
Creating register for signal `$paramod\axi_slave\ADDR_WIDTH=s32'00000000000000000000000000001000.\core_b_valid' using process `$paramod\axi_slave\ADDR_WIDTH=s32'00000000000000000000000000001000.$proc$rtl/interface.sv:49$71'.
  created $dff cell `$procdff$341' with positive edge clock.
Creating register for signal `$paramod\axi_slave\ADDR_WIDTH=s32'00000000000000000000000000001000.\core_start' using process `$paramod\axi_slave\ADDR_WIDTH=s32'00000000000000000000000000001000.$proc$rtl/interface.sv:49$71'.
  created $dff cell `$procdff$342' with positive edge clock.
Creating register for signal `$paramod\axi_slave\ADDR_WIDTH=s32'00000000000000000000000000001000.\dim_reg' using process `$paramod\axi_slave\ADDR_WIDTH=s32'00000000000000000000000000001000.$proc$rtl/interface.sv:49$71'.
  created $dff cell `$procdff$343' with positive edge clock.
Creating register for signal `$paramod\axi_slave\ADDR_WIDTH=s32'00000000000000000000000000001000.\s_wready' using process `$paramod\axi_slave\ADDR_WIDTH=s32'00000000000000000000000000001000.$proc$rtl/interface.sv:41$66'.
  created $dff cell `$procdff$344' with positive edge clock.
Creating register for signal `$paramod\axi_slave\ADDR_WIDTH=s32'00000000000000000000000000001000.\wd_reg' using process `$paramod\axi_slave\ADDR_WIDTH=s32'00000000000000000000000000001000.$proc$rtl/interface.sv:41$66'.
  created $dff cell `$procdff$345' with positive edge clock.
Creating register for signal `$paramod\axi_slave\ADDR_WIDTH=s32'00000000000000000000000000001000.\wd_v' using process `$paramod\axi_slave\ADDR_WIDTH=s32'00000000000000000000000000001000.$proc$rtl/interface.sv:41$66'.
  created $dff cell `$procdff$346' with positive edge clock.
Creating register for signal `$paramod\axi_slave\ADDR_WIDTH=s32'00000000000000000000000000001000.\s_awready' using process `$paramod\axi_slave\ADDR_WIDTH=s32'00000000000000000000000000001000.$proc$rtl/interface.sv:33$61'.
  created $dff cell `$procdff$347' with positive edge clock.
Creating register for signal `$paramod\axi_slave\ADDR_WIDTH=s32'00000000000000000000000000001000.\aw_reg' using process `$paramod\axi_slave\ADDR_WIDTH=s32'00000000000000000000000000001000.$proc$rtl/interface.sv:33$61'.
  created $dff cell `$procdff$348' with positive edge clock.
Creating register for signal `$paramod\axi_slave\ADDR_WIDTH=s32'00000000000000000000000000001000.\aw_v' using process `$paramod\axi_slave\ADDR_WIDTH=s32'00000000000000000000000000001000.$proc$rtl/interface.sv:33$61'.
  created $dff cell `$procdff$349' with positive edge clock.
Creating register for signal `$paramod\compute_core\MAX_DIM=s32'00000000000000000000000000001000.\result' using process `$paramod\compute_core\MAX_DIM=s32'00000000000000000000000000001000.$proc$rtl/compute_core.sv:12$48'.
  created $dff cell `$procdff$350' with positive edge clock.
Creating register for signal `$paramod\compute_core\MAX_DIM=s32'00000000000000000000000000001000.\result_valid' using process `$paramod\compute_core\MAX_DIM=s32'00000000000000000000000000001000.$proc$rtl/compute_core.sv:12$48'.
  created $dff cell `$procdff$351' with positive edge clock.
Creating register for signal `$paramod\compute_core\MAX_DIM=s32'00000000000000000000000000001000.\busy' using process `$paramod\compute_core\MAX_DIM=s32'00000000000000000000000000001000.$proc$rtl/compute_core.sv:12$48'.
  created $dff cell `$procdff$352' with positive edge clock.
Creating register for signal `$paramod\compute_core\MAX_DIM=s32'00000000000000000000000000001000.\accumulator' using process `$paramod\compute_core\MAX_DIM=s32'00000000000000000000000000001000.$proc$rtl/compute_core.sv:12$48'.
  created $dff cell `$procdff$353' with positive edge clock.
Creating register for signal `$paramod\compute_core\MAX_DIM=s32'00000000000000000000000000001000.\count' using process `$paramod\compute_core\MAX_DIM=s32'00000000000000000000000000001000.$proc$rtl/compute_core.sv:12$48'.
  created $dff cell `$procdff$354' with positive edge clock.
Creating register for signal `$paramod\compute_core\MAX_DIM=s32'00000000000000000000000000001000.\computing' using process `$paramod\compute_core\MAX_DIM=s32'00000000000000000000000000001000.$proc$rtl/compute_core.sv:12$48'.
  created $dff cell `$procdff$355' with positive edge clock.

5.10. Executing PROC_MEMWR pass (convert process memory writes to cells).

5.11. Executing PROC_CLEAN pass (remove empty switches from decision trees).
Found and cleaned up 4 empty switches in `\top.$proc$rtl/top.sv:118$37'.
Removing empty process `top.$proc$rtl/top.sv:118$37'.
Found and cleaned up 4 empty switches in `$paramod\axi_slave\ADDR_WIDTH=s32'00000000000000000000000000001000.$proc$rtl/interface.sv:72$79'.
Removing empty process `$paramod\axi_slave\ADDR_WIDTH=s32'00000000000000000000000000001000.$proc$rtl/interface.sv:72$79'.
Found and cleaned up 2 empty switches in `$paramod\axi_slave\ADDR_WIDTH=s32'00000000000000000000000000001000.$proc$rtl/interface.sv:68$77'.
Removing empty process `$paramod\axi_slave\ADDR_WIDTH=s32'00000000000000000000000000001000.$proc$rtl/interface.sv:68$77'.
Found and cleaned up 4 empty switches in `$paramod\axi_slave\ADDR_WIDTH=s32'00000000000000000000000000001000.$proc$rtl/interface.sv:49$71'.
Removing empty process `$paramod\axi_slave\ADDR_WIDTH=s32'00000000000000000000000000001000.$proc$rtl/interface.sv:49$71'.
Found and cleaned up 3 empty switches in `$paramod\axi_slave\ADDR_WIDTH=s32'00000000000000000000000000001000.$proc$rtl/interface.sv:41$66'.
Removing empty process `$paramod\axi_slave\ADDR_WIDTH=s32'00000000000000000000000000001000.$proc$rtl/interface.sv:41$66'.
Found and cleaned up 3 empty switches in `$paramod\axi_slave\ADDR_WIDTH=s32'00000000000000000000000000001000.$proc$rtl/interface.sv:33$61'.
Removing empty process `$paramod\axi_slave\ADDR_WIDTH=s32'00000000000000000000000000001000.$proc$rtl/interface.sv:33$61'.
Found and cleaned up 4 empty switches in `$paramod\compute_core\MAX_DIM=s32'00000000000000000000000000001000.$proc$rtl/compute_core.sv:12$48'.
Removing empty process `$paramod\compute_core\MAX_DIM=s32'00000000000000000000000000001000.$proc$rtl/compute_core.sv:12$48'.
Cleaned up 24 empty switches.

5.12. Executing OPT_EXPR pass (perform const folding).
Optimizing module top.
<suppressed ~8 debug messages>
Optimizing module $paramod\axi_slave\ADDR_WIDTH=s32'00000000000000000000000000001000.
<suppressed ~22 debug messages>
Optimizing module $paramod\compute_core\MAX_DIM=s32'00000000000000000000000000001000.
<suppressed ~6 debug messages>

6. Executing OPT pass (performing simple optimizations).

6.1. Executing OPT_EXPR pass (perform const folding).
Optimizing module top.
Optimizing module $paramod\axi_slave\ADDR_WIDTH=s32'00000000000000000000000000001000.
Optimizing module $paramod\compute_core\MAX_DIM=s32'00000000000000000000000000001000.

6.2. Executing OPT_MERGE pass (detect identical cells).
Finding identical cells in module `\top'.
Finding identical cells in module `$paramod\axi_slave\ADDR_WIDTH=s32'00000000000000000000000000001000'.
<suppressed ~27 debug messages>
Finding identical cells in module `$paramod\compute_core\MAX_DIM=s32'00000000000000000000000000001000'.
<suppressed ~6 debug messages>
Removed a total of 11 cells.

6.3. Executing OPT_MUXTREE pass (detect dead branches in mux trees).
Running muxtree optimizer on module \top..
  Creating internal representation of mux trees.
  Evaluating internal representation of mux trees.
  Analyzing evaluation results.
Running muxtree optimizer on module $paramod\axi_slave\ADDR_WIDTH=s32'00000000000000000000000000001000..
  Creating internal representation of mux trees.
  Evaluating internal representation of mux trees.
  Analyzing evaluation results.
Running muxtree optimizer on module $paramod\compute_core\MAX_DIM=s32'00000000000000000000000000001000..
  Creating internal representation of mux trees.
  Evaluating internal representation of mux trees.
  Analyzing evaluation results.
Removed 0 multiplexer ports.
<suppressed ~34 debug messages>

6.4. Executing OPT_REDUCE pass (consolidate $*mux and $reduce_* inputs).
  Optimizing cells in module \top.
  Optimizing cells in module $paramod\axi_slave\ADDR_WIDTH=s32'00000000000000000000000000001000.
  Optimizing cells in module $paramod\compute_core\MAX_DIM=s32'00000000000000000000000000001000.
Performed a total of 0 changes.

6.5. Executing OPT_MERGE pass (detect identical cells).
Finding identical cells in module `\top'.
<suppressed ~9 debug messages>
Finding identical cells in module `$paramod\axi_slave\ADDR_WIDTH=s32'00000000000000000000000000001000'.
Finding identical cells in module `$paramod\compute_core\MAX_DIM=s32'00000000000000000000000000001000'.
Removed a total of 3 cells.

6.6. Executing OPT_DFF pass (perform DFF optimizations).
Adding SRST signal on $procdff$329 ($dff) from module top (D = $procmux$94_Y, Q = \b_held, rval = 1'0).
Adding EN signal on $auto$ff.cc:266:slice$356 ($sdff) from module top (D = 1'1, Q = \b_held).
Adding SRST signal on $procdff$328 ($dff) from module top (D = $procmux$101_Y, Q = \held_b, rval = 8'00000000).
Adding EN signal on $auto$ff.cc:266:slice$362 ($sdff) from module top (D = \raw_b_data, Q = \held_b).
Adding SRST signal on $procdff$322 ($dff) from module top (D = $procmux$123_Y, Q = \core_a_data, rval = 8'00000000).
Adding EN signal on $auto$ff.cc:266:slice$364 ($sdff) from module top (D = $ternary$rtl/top.sv:147$46_Y, Q = \core_a_data).
Adding SRST signal on $procdff$323 ($dff) from module top (D = $procmux$118_Y, Q = \core_b_data, rval = 8'00000000).
Adding EN signal on $auto$ff.cc:266:slice$366 ($sdff) from module top (D = $ternary$rtl/top.sv:148$47_Y, Q = \core_b_data).
Adding SRST signal on $procdff$327 ($dff) from module top (D = $procmux$106_Y, Q = \a_held, rval = 1'0).
Adding EN signal on $auto$ff.cc:266:slice$368 ($sdff) from module top (D = 1'1, Q = \a_held).
Adding SRST signal on $procdff$326 ($dff) from module top (D = $procmux$113_Y, Q = \held_a, rval = 8'00000000).
Adding EN signal on $auto$ff.cc:266:slice$374 ($sdff) from module top (D = \raw_a_data, Q = \held_a).
Adding SRST signal on $procdff$341 ($dff) from module $paramod\axi_slave\ADDR_WIDTH=s32'00000000000000000000000000001000 (D = $procmux$173_Y, Q = \core_b_valid, rval = 1'0).
Adding SRST signal on $procdff$342 ($dff) from module $paramod\axi_slave\ADDR_WIDTH=s32'00000000000000000000000000001000 (D = \wd_reg [0], Q = \core_start, rval = 1'0).
Adding SRST signal on $procdff$343 ($dff) from module $paramod\axi_slave\ADDR_WIDTH=s32'00000000000000000000000000001000 (D = $procmux$192_Y, Q = \dim_reg, rval = 4'0100).
Adding EN signal on $auto$ff.cc:266:slice$382 ($sdff) from module $paramod\axi_slave\ADDR_WIDTH=s32'00000000000000000000000000001000 (D = \wd_reg [4:1], Q = \dim_reg).
Adding SRST signal on $procdff$344 ($dff) from module $paramod\axi_slave\ADDR_WIDTH=s32'00000000000000000000000000001000 (D = $procmux$225_Y, Q = \s_wready, rval = 1'0).
Adding SRST signal on $procdff$345 ($dff) from module $paramod\axi_slave\ADDR_WIDTH=s32'00000000000000000000000000001000 (D = $procmux$239_Y, Q = \wd_reg, rval = 0).
Adding EN signal on $auto$ff.cc:266:slice$387 ($sdff) from module $paramod\axi_slave\ADDR_WIDTH=s32'00000000000000000000000000001000 (D = \s_wdata, Q = \wd_reg).
Adding SRST signal on $procdff$346 ($dff) from module $paramod\axi_slave\ADDR_WIDTH=s32'00000000000000000000000000001000 (D = $procmux$233_Y, Q = \wd_v, rval = 1'0).
Adding EN signal on $auto$ff.cc:266:slice$389 ($sdff) from module $paramod\axi_slave\ADDR_WIDTH=s32'00000000000000000000000000001000 (D = $procmux$233_Y, Q = \wd_v).
Adding SRST signal on $procdff$347 ($dff) from module $paramod\axi_slave\ADDR_WIDTH=s32'00000000000000000000000000001000 (D = $procmux$245_Y, Q = \s_awready, rval = 1'0).
Adding SRST signal on $procdff$348 ($dff) from module $paramod\axi_slave\ADDR_WIDTH=s32'00000000000000000000000000001000 (D = $procmux$259_Y, Q = \aw_reg, rval = 8'00000000).
Adding EN signal on $auto$ff.cc:266:slice$394 ($sdff) from module $paramod\axi_slave\ADDR_WIDTH=s32'00000000000000000000000000001000 (D = \s_awaddr, Q = \aw_reg).
Adding SRST signal on $procdff$349 ($dff) from module $paramod\axi_slave\ADDR_WIDTH=s32'00000000000000000000000000001000 (D = $procmux$253_Y, Q = \aw_v, rval = 1'0).
Adding EN signal on $auto$ff.cc:266:slice$396 ($sdff) from module $paramod\axi_slave\ADDR_WIDTH=s32'00000000000000000000000000001000 (D = $procmux$253_Y, Q = \aw_v).
Adding SRST signal on $procdff$330 ($dff) from module $paramod\axi_slave\ADDR_WIDTH=s32'00000000000000000000000000001000 (D = $procmux$128_Y, Q = \s_arready, rval = 1'0).
Adding SRST signal on $procdff$331 ($dff) from module $paramod\axi_slave\ADDR_WIDTH=s32'00000000000000000000000000001000 (D = $procmux$149_Y, Q = \s_rvalid, rval = 1'0).
Adding EN signal on $auto$ff.cc:266:slice$401 ($sdff) from module $paramod\axi_slave\ADDR_WIDTH=s32'00000000000000000000000000001000 (D = $procmux$149_Y, Q = \s_rvalid).
Adding SRST signal on $procdff$332 ($dff) from module $paramod\axi_slave\ADDR_WIDTH=s32'00000000000000000000000000001000 (D = $procmux$142_Y, Q = \s_rdata, rval = 0).
Adding EN signal on $auto$ff.cc:266:slice$405 ($sdff) from module $paramod\axi_slave\ADDR_WIDTH=s32'00000000000000000000000000001000 (D = $procmux$139_Y, Q = \s_rdata).
Adding SRST signal on $procdff$333 ($dff) from module $paramod\axi_slave\ADDR_WIDTH=s32'00000000000000000000000000001000 (D = $procmux$133_Y, Q = \s_rresp, rval = 2'00).
Adding EN signal on $auto$ff.cc:266:slice$407 ($sdff) from module $paramod\axi_slave\ADDR_WIDTH=s32'00000000000000000000000000001000 (D = 2'00, Q = \s_rresp).
Adding SRST signal on $procdff$334 ($dff) from module $paramod\axi_slave\ADDR_WIDTH=s32'00000000000000000000000000001000 (D = $procmux$159_Y, Q = \res_reg, rval = 0).
Adding EN signal on $auto$ff.cc:266:slice$409 ($sdff) from module $paramod\axi_slave\ADDR_WIDTH=s32'00000000000000000000000000001000 (D = \core_result, Q = \res_reg).
Adding SRST signal on $procdff$335 ($dff) from module $paramod\axi_slave\ADDR_WIDTH=s32'00000000000000000000000000001000 (D = $procmux$154_Y, Q = \res_v, rval = 1'0).
Adding EN signal on $auto$ff.cc:266:slice$411 ($sdff) from module $paramod\axi_slave\ADDR_WIDTH=s32'00000000000000000000000000001000 (D = 1'1, Q = \res_v).
Adding SRST signal on $procdff$336 ($dff) from module $paramod\axi_slave\ADDR_WIDTH=s32'00000000000000000000000000001000 (D = $procmux$219_Y, Q = \s_bvalid, rval = 1'0).
Adding EN signal on $auto$ff.cc:266:slice$413 ($sdff) from module $paramod\axi_slave\ADDR_WIDTH=s32'00000000000000000000000000001000 (D = $procmux$219_Y, Q = \s_bvalid).
Adding SRST signal on $procdff$337 ($dff) from module $paramod\axi_slave\ADDR_WIDTH=s32'00000000000000000000000000001000 (D = $procmux$212_Y, Q = \s_bresp, rval = 2'00).
Adding EN signal on $auto$ff.cc:266:slice$417 ($sdff) from module $paramod\axi_slave\ADDR_WIDTH=s32'00000000000000000000000000001000 (D = 2'00, Q = \s_bresp).
Adding SRST signal on $procdff$338 ($dff) from module $paramod\axi_slave\ADDR_WIDTH=s32'00000000000000000000000000001000 (D = $procmux$207_Y, Q = \core_a_data, rval = 8'00000000).
Adding EN signal on $auto$ff.cc:266:slice$419 ($sdff) from module $paramod\axi_slave\ADDR_WIDTH=s32'00000000000000000000000000001000 (D = \wd_reg [7:0], Q = \core_a_data).
Adding SRST signal on $procdff$339 ($dff) from module $paramod\axi_slave\ADDR_WIDTH=s32'00000000000000000000000000001000 (D = $procmux$199_Y, Q = \core_b_data, rval = 8'00000000).
Adding EN signal on $auto$ff.cc:266:slice$423 ($sdff) from module $paramod\axi_slave\ADDR_WIDTH=s32'00000000000000000000000000001000 (D = \wd_reg [7:0], Q = \core_b_data).
Adding SRST signal on $procdff$340 ($dff) from module $paramod\axi_slave\ADDR_WIDTH=s32'00000000000000000000000000001000 (D = $procmux$181_Y, Q = \core_a_valid, rval = 1'0).
Setting constant 0-bit at position 0 on $auto$ff.cc:266:slice$418 ($sdffe) from module $paramod\axi_slave\ADDR_WIDTH=s32'00000000000000000000000000001000.
Setting constant 0-bit at position 1 on $auto$ff.cc:266:slice$418 ($sdffe) from module $paramod\axi_slave\ADDR_WIDTH=s32'00000000000000000000000000001000.
Setting constant 0-bit at position 0 on $auto$ff.cc:266:slice$408 ($sdffe) from module $paramod\axi_slave\ADDR_WIDTH=s32'00000000000000000000000000001000.
Setting constant 0-bit at position 1 on $auto$ff.cc:266:slice$408 ($sdffe) from module $paramod\axi_slave\ADDR_WIDTH=s32'00000000000000000000000000001000.
Adding SRST signal on $procdff$355 ($dff) from module $paramod\compute_core\MAX_DIM=s32'00000000000000000000000000001000 (D = $procmux$279_Y, Q = \computing, rval = 1'0).
Adding EN signal on $auto$ff.cc:266:slice$430 ($sdff) from module $paramod\compute_core\MAX_DIM=s32'00000000000000000000000000001000 (D = $procmux$279_Y, Q = \computing).
Adding SRST signal on $procdff$354 ($dff) from module $paramod\compute_core\MAX_DIM=s32'00000000000000000000000000001000 (D = $procmux$286_Y, Q = \count, rval = 4'0000).
Adding EN signal on $auto$ff.cc:266:slice$438 ($sdff) from module $paramod\compute_core\MAX_DIM=s32'00000000000000000000000000001000 (D = $procmux$284_Y, Q = \count).
Adding SRST signal on $procdff$350 ($dff) from module $paramod\compute_core\MAX_DIM=s32'00000000000000000000000000001000 (D = $procmux$317_Y, Q = \result, rval = 0).
Adding EN signal on $auto$ff.cc:266:slice$444 ($sdff) from module $paramod\compute_core\MAX_DIM=s32'00000000000000000000000000001000 (D = $add$rtl/compute_core.sv:24$60_Y, Q = \result).
Adding SRST signal on $procdff$351 ($dff) from module $paramod\compute_core\MAX_DIM=s32'00000000000000000000000000001000 (D = $procmux$264_Y, Q = \result_valid, rval = 1'0).
Adding SRST signal on $procdff$352 ($dff) from module $paramod\compute_core\MAX_DIM=s32'00000000000000000000000000001000 (D = $procmux$307_Y, Q = \busy, rval = 1'0).
Adding EN signal on $auto$ff.cc:266:slice$457 ($sdff) from module $paramod\compute_core\MAX_DIM=s32'00000000000000000000000000001000 (D = $procmux$307_Y, Q = \busy).
Adding SRST signal on $procdff$353 ($dff) from module $paramod\compute_core\MAX_DIM=s32'00000000000000000000000000001000 (D = $procmux$294_Y, Q = \accumulator, rval = 0).
Adding EN signal on $auto$ff.cc:266:slice$465 ($sdff) from module $paramod\compute_core\MAX_DIM=s32'00000000000000000000000000001000 (D = $add$rtl/compute_core.sv:21$55_Y, Q = \accumulator).

6.7. Executing OPT_CLEAN pass (remove unused cells and wires).
Finding unused cells or wires in module \top..
Finding unused cells or wires in module $paramod\axi_slave\ADDR_WIDTH=s32'00000000000000000000000000001000..
Finding unused cells or wires in module $paramod\compute_core\MAX_DIM=s32'00000000000000000000000000001000..
Removed 69 unused cells and 201 unused wires.
<suppressed ~72 debug messages>

6.8. Executing OPT_EXPR pass (perform const folding).
Optimizing module $paramod\axi_slave\ADDR_WIDTH=s32'00000000000000000000000000001000.
<suppressed ~4 debug messages>
Optimizing module $paramod\compute_core\MAX_DIM=s32'00000000000000000000000000001000.
<suppressed ~2 debug messages>
Optimizing module top.

6.9. Rerunning OPT passes. (Maybe there is more to do..)

6.10. Executing OPT_MUXTREE pass (detect dead branches in mux trees).
Running muxtree optimizer on module $paramod\axi_slave\ADDR_WIDTH=s32'00000000000000000000000000001000..
  Creating internal representation of mux trees.
  Evaluating internal representation of mux trees.
  Analyzing evaluation results.
Running muxtree optimizer on module $paramod\compute_core\MAX_DIM=s32'00000000000000000000000000001000..
  Creating internal representation of mux trees.
  Evaluating internal representation of mux trees.
  Analyzing evaluation results.
Running muxtree optimizer on module \top..
  Creating internal representation of mux trees.
  Evaluating internal representation of mux trees.
  Analyzing evaluation results.
Removed 0 multiplexer ports.
<suppressed ~17 debug messages>

6.11. Executing OPT_REDUCE pass (consolidate $*mux and $reduce_* inputs).
  Optimizing cells in module $paramod\axi_slave\ADDR_WIDTH=s32'00000000000000000000000000001000.
  Optimizing cells in module $paramod\compute_core\MAX_DIM=s32'00000000000000000000000000001000.
  Optimizing cells in module \top.
Performed a total of 0 changes.

6.12. Executing OPT_MERGE pass (detect identical cells).
Finding identical cells in module `$paramod\axi_slave\ADDR_WIDTH=s32'00000000000000000000000000001000'.
<suppressed ~6 debug messages>
Finding identical cells in module `$paramod\compute_core\MAX_DIM=s32'00000000000000000000000000001000'.
<suppressed ~30 debug messages>
Finding identical cells in module `\top'.
<suppressed ~6 debug messages>
Removed a total of 14 cells.

6.13. Executing OPT_DFF pass (perform DFF optimizations).
Adding SRST signal on $procdff$325 ($dff) from module top (D = $procmux$84_Y, Q = \core_b_valid, rval = 1'0).

6.14. Executing OPT_CLEAN pass (remove unused cells and wires).
Finding unused cells or wires in module $paramod\axi_slave\ADDR_WIDTH=s32'00000000000000000000000000001000..
Finding unused cells or wires in module $paramod\compute_core\MAX_DIM=s32'00000000000000000000000000001000..
Finding unused cells or wires in module \top..
Removed 1 unused cells and 14 unused wires.
<suppressed ~4 debug messages>

6.15. Executing OPT_EXPR pass (perform const folding).
Optimizing module $paramod\axi_slave\ADDR_WIDTH=s32'00000000000000000000000000001000.
Optimizing module $paramod\compute_core\MAX_DIM=s32'00000000000000000000000000001000.
Optimizing module top.

6.16. Rerunning OPT passes. (Maybe there is more to do..)

6.17. Executing OPT_MUXTREE pass (detect dead branches in mux trees).
Running muxtree optimizer on module $paramod\axi_slave\ADDR_WIDTH=s32'00000000000000000000000000001000..
  Creating internal representation of mux trees.
  Evaluating internal representation of mux trees.
  Analyzing evaluation results.
Running muxtree optimizer on module $paramod\compute_core\MAX_DIM=s32'00000000000000000000000000001000..
  Creating internal representation of mux trees.
  Evaluating internal representation of mux trees.
  Analyzing evaluation results.
Running muxtree optimizer on module \top..
  Creating internal representation of mux trees.
  Evaluating internal representation of mux trees.
  Analyzing evaluation results.
Removed 0 multiplexer ports.
<suppressed ~17 debug messages>

6.18. Executing OPT_REDUCE pass (consolidate $*mux and $reduce_* inputs).
  Optimizing cells in module $paramod\axi_slave\ADDR_WIDTH=s32'00000000000000000000000000001000.
  Optimizing cells in module $paramod\compute_core\MAX_DIM=s32'00000000000000000000000000001000.
  Optimizing cells in module \top.
Performed a total of 0 changes.

6.19. Executing OPT_MERGE pass (detect identical cells).
Finding identical cells in module `$paramod\axi_slave\ADDR_WIDTH=s32'00000000000000000000000000001000'.
Finding identical cells in module `$paramod\compute_core\MAX_DIM=s32'00000000000000000000000000001000'.
Finding identical cells in module `\top'.
Removed a total of 0 cells.

6.20. Executing OPT_DFF pass (perform DFF optimizations).

6.21. Executing OPT_CLEAN pass (remove unused cells and wires).
Finding unused cells or wires in module $paramod\axi_slave\ADDR_WIDTH=s32'00000000000000000000000000001000..
Finding unused cells or wires in module $paramod\compute_core\MAX_DIM=s32'00000000000000000000000000001000..
Finding unused cells or wires in module \top..

6.22. Executing OPT_EXPR pass (perform const folding).
Optimizing module $paramod\axi_slave\ADDR_WIDTH=s32'00000000000000000000000000001000.
Optimizing module $paramod\compute_core\MAX_DIM=s32'00000000000000000000000000001000.
Optimizing module top.

6.23. Finished OPT passes. (There is nothing left to do.)

7. Executing FSM pass (extract and optimize FSM).

7.1. Executing FSM_DETECT pass (finding FSMs in design).

7.2. Executing FSM_EXTRACT pass (extracting FSM from design).

7.3. Executing FSM_OPT pass (simple optimizations of FSMs).

7.4. Executing OPT_CLEAN pass (remove unused cells and wires).
Finding unused cells or wires in module $paramod\axi_slave\ADDR_WIDTH=s32'00000000000000000000000000001000..
Finding unused cells or wires in module $paramod\compute_core\MAX_DIM=s32'00000000000000000000000000001000..
Finding unused cells or wires in module \top..

7.5. Executing FSM_OPT pass (simple optimizations of FSMs).

7.6. Executing FSM_RECODE pass (re-assigning FSM state encoding).

7.7. Executing FSM_INFO pass (dumping all available information on FSM cells).

7.8. Executing FSM_MAP pass (mapping FSMs to basic logic).

8. Executing OPT pass (performing simple optimizations).

8.1. Executing OPT_EXPR pass (perform const folding).
Optimizing module $paramod\axi_slave\ADDR_WIDTH=s32'00000000000000000000000000001000.
Optimizing module $paramod\compute_core\MAX_DIM=s32'00000000000000000000000000001000.
Optimizing module top.

8.2. Executing OPT_MERGE pass (detect identical cells).
Finding identical cells in module `$paramod\axi_slave\ADDR_WIDTH=s32'00000000000000000000000000001000'.
Finding identical cells in module `$paramod\compute_core\MAX_DIM=s32'00000000000000000000000000001000'.
Finding identical cells in module `\top'.
Removed a total of 0 cells.

8.3. Executing OPT_MUXTREE pass (detect dead branches in mux trees).
Running muxtree optimizer on module $paramod\axi_slave\ADDR_WIDTH=s32'00000000000000000000000000001000..
  Creating internal representation of mux trees.
  Evaluating internal representation of mux trees.
  Analyzing evaluation results.
Running muxtree optimizer on module $paramod\compute_core\MAX_DIM=s32'00000000000000000000000000001000..
  Creating internal representation of mux trees.
  Evaluating internal representation of mux trees.
  Analyzing evaluation results.
Running muxtree optimizer on module \top..
  Creating internal representation of mux trees.
  Evaluating internal representation of mux trees.
  Analyzing evaluation results.
Removed 0 multiplexer ports.
<suppressed ~17 debug messages>

8.4. Executing OPT_REDUCE pass (consolidate $*mux and $reduce_* inputs).
  Optimizing cells in module $paramod\axi_slave\ADDR_WIDTH=s32'00000000000000000000000000001000.
  Optimizing cells in module $paramod\compute_core\MAX_DIM=s32'00000000000000000000000000001000.
  Optimizing cells in module \top.
Performed a total of 0 changes.

8.5. Executing OPT_MERGE pass (detect identical cells).
Finding identical cells in module `$paramod\axi_slave\ADDR_WIDTH=s32'00000000000000000000000000001000'.
Finding identical cells in module `$paramod\compute_core\MAX_DIM=s32'00000000000000000000000000001000'.
Finding identical cells in module `\top'.
Removed a total of 0 cells.

8.6. Executing OPT_DFF pass (perform DFF optimizations).

8.7. Executing OPT_CLEAN pass (remove unused cells and wires).
Finding unused cells or wires in module $paramod\axi_slave\ADDR_WIDTH=s32'00000000000000000000000000001000..
Finding unused cells or wires in module $paramod\compute_core\MAX_DIM=s32'00000000000000000000000000001000..
Finding unused cells or wires in module \top..

8.8. Executing OPT_EXPR pass (perform const folding).
Optimizing module $paramod\axi_slave\ADDR_WIDTH=s32'00000000000000000000000000001000.
Optimizing module $paramod\compute_core\MAX_DIM=s32'00000000000000000000000000001000.
Optimizing module top.

8.9. Finished OPT passes. (There is nothing left to do.)

9. Executing MEMORY pass.

9.1. Executing OPT_MEM pass (optimize memories).
Performed a total of 0 transformations.

9.2. Executing OPT_MEM_PRIORITY pass (removing unnecessary memory write priority relations).
Performed a total of 0 transformations.

9.3. Executing OPT_MEM_FEEDBACK pass (finding memory read-to-write feedback paths).

9.4. Executing MEMORY_BMUX2ROM pass (converting muxes to ROMs).

9.5. Executing MEMORY_DFF pass (merging $dff cells to $memrd).

9.6. Executing OPT_CLEAN pass (remove unused cells and wires).
Finding unused cells or wires in module $paramod\axi_slave\ADDR_WIDTH=s32'00000000000000000000000000001000..
Finding unused cells or wires in module $paramod\compute_core\MAX_DIM=s32'00000000000000000000000000001000..
Finding unused cells or wires in module \top..

9.7. Executing MEMORY_SHARE pass (consolidating $memrd/$memwr cells).

9.8. Executing OPT_MEM_WIDEN pass (optimize memories where all ports are wide).
Performed a total of 0 transformations.

9.9. Executing OPT_CLEAN pass (remove unused cells and wires).
Finding unused cells or wires in module $paramod\axi_slave\ADDR_WIDTH=s32'00000000000000000000000000001000..
Finding unused cells or wires in module $paramod\compute_core\MAX_DIM=s32'00000000000000000000000000001000..
Finding unused cells or wires in module \top..

9.10. Executing MEMORY_COLLECT pass (generating $mem cells).

9.11. Executing MEMORY_MAP pass (converting memories to logic and flip-flops).

10. Executing OPT pass (performing simple optimizations).

10.1. Executing OPT_EXPR pass (perform const folding).
Optimizing module $paramod\axi_slave\ADDR_WIDTH=s32'00000000000000000000000000001000.
Optimizing module $paramod\compute_core\MAX_DIM=s32'00000000000000000000000000001000.
Optimizing module top.

10.2. Executing OPT_MERGE pass (detect identical cells).
Finding identical cells in module `$paramod\axi_slave\ADDR_WIDTH=s32'00000000000000000000000000001000'.
Finding identical cells in module `$paramod\compute_core\MAX_DIM=s32'00000000000000000000000000001000'.
Finding identical cells in module `\top'.
Removed a total of 0 cells.

10.3. Executing OPT_MUXTREE pass (detect dead branches in mux trees).
Running muxtree optimizer on module $paramod\axi_slave\ADDR_WIDTH=s32'00000000000000000000000000001000..
  Creating internal representation of mux trees.
  Evaluating internal representation of mux trees.
  Analyzing evaluation results.
Running muxtree optimizer on module $paramod\compute_core\MAX_DIM=s32'00000000000000000000000000001000..
  Creating internal representation of mux trees.
  Evaluating internal representation of mux trees.
  Analyzing evaluation results.
Running muxtree optimizer on module \top..
  Creating internal representation of mux trees.
  Evaluating internal representation of mux trees.
  Analyzing evaluation results.
Removed 0 multiplexer ports.
<suppressed ~17 debug messages>

10.4. Executing OPT_REDUCE pass (consolidate $*mux and $reduce_* inputs).
  Optimizing cells in module $paramod\axi_slave\ADDR_WIDTH=s32'00000000000000000000000000001000.
  Optimizing cells in module $paramod\compute_core\MAX_DIM=s32'00000000000000000000000000001000.
  Optimizing cells in module \top.
Performed a total of 0 changes.

10.5. Executing OPT_MERGE pass (detect identical cells).
Finding identical cells in module `$paramod\axi_slave\ADDR_WIDTH=s32'00000000000000000000000000001000'.
Finding identical cells in module `$paramod\compute_core\MAX_DIM=s32'00000000000000000000000000001000'.
Finding identical cells in module `\top'.
Removed a total of 0 cells.

10.6. Executing OPT_DFF pass (perform DFF optimizations).

10.7. Executing OPT_CLEAN pass (remove unused cells and wires).
Finding unused cells or wires in module $paramod\axi_slave\ADDR_WIDTH=s32'00000000000000000000000000001000..
Finding unused cells or wires in module $paramod\compute_core\MAX_DIM=s32'00000000000000000000000000001000..
Finding unused cells or wires in module \top..

10.8. Executing OPT_EXPR pass (perform const folding).
Optimizing module $paramod\axi_slave\ADDR_WIDTH=s32'00000000000000000000000000001000.
Optimizing module $paramod\compute_core\MAX_DIM=s32'00000000000000000000000000001000.
Optimizing module top.

10.9. Finished OPT passes. (There is nothing left to do.)

11. Executing TECHMAP pass (map to technology primitives).

11.1. Executing Verilog-2005 frontend: /usr/bin/../share/yosys/techmap.v
Parsing Verilog input from `/usr/bin/../share/yosys/techmap.v' to AST representation.
Generating RTLIL representation for module `\_90_simplemap_bool_ops'.
Generating RTLIL representation for module `\_90_simplemap_reduce_ops'.
Generating RTLIL representation for module `\_90_simplemap_logic_ops'.
Generating RTLIL representation for module `\_90_simplemap_compare_ops'.
Generating RTLIL representation for module `\_90_simplemap_various'.
Generating RTLIL representation for module `\_90_simplemap_registers'.
Generating RTLIL representation for module `\_90_shift_ops_shr_shl_sshl_sshr'.
Generating RTLIL representation for module `\_90_shift_shiftx'.
Generating RTLIL representation for module `\_90_fa'.
Generating RTLIL representation for module `\_90_lcu'.
Generating RTLIL representation for module `\_90_alu'.
Generating RTLIL representation for module `\_90_macc'.
Generating RTLIL representation for module `\_90_alumacc'.
Generating RTLIL representation for module `\$__div_mod_u'.
Generating RTLIL representation for module `\$__div_mod_trunc'.
Generating RTLIL representation for module `\_90_div'.
Generating RTLIL representation for module `\_90_mod'.
Generating RTLIL representation for module `\$__div_mod_floor'.
Generating RTLIL representation for module `\_90_divfloor'.
Generating RTLIL representation for module `\_90_modfloor'.
Generating RTLIL representation for module `\_90_pow'.
Generating RTLIL representation for module `\_90_pmux'.
Generating RTLIL representation for module `\_90_demux'.
Generating RTLIL representation for module `\_90_lut'.
Successfully finished Verilog frontend.

11.2. Continuing TECHMAP pass.
Using extmapper simplemap for cells of type $mux.
Using extmapper simplemap for cells of type $not.
Using extmapper simplemap for cells of type $logic_not.
Using extmapper simplemap for cells of type $logic_and.
Using extmapper simplemap for cells of type $logic_or.
Using extmapper simplemap for cells of type $reduce_or.
Using extmapper simplemap for cells of type $sdff.
Using extmapper simplemap for cells of type $sdffe.
Running "alumacc" on wrapper $extern:wrap:$add:A_SIGNED=0:A_WIDTH=4:B_SIGNED=0:B_WIDTH=4:Y_WIDTH=4:394426c56d1a028ba8fdd5469b163e04011def47.
Using template $extern:wrap:$add:A_SIGNED=0:A_WIDTH=4:B_SIGNED=0:B_WIDTH=4:Y_WIDTH=4:394426c56d1a028ba8fdd5469b163e04011def47 for cells of type $extern:wrap:$add:A_SIGNED=0:A_WIDTH=4:B_SIGNED=0:B_WIDTH=4:Y_WIDTH=4:394426c56d1a028ba8fdd5469b163e04011def47.
Running "alumacc" on wrapper $extern:wrap:$sub:A_SIGNED=0:A_WIDTH=4:B_SIGNED=0:B_WIDTH=4:Y_WIDTH=4:394426c56d1a028ba8fdd5469b163e04011def47.
Using template $extern:wrap:$sub:A_SIGNED=0:A_WIDTH=4:B_SIGNED=0:B_WIDTH=4:Y_WIDTH=4:394426c56d1a028ba8fdd5469b163e04011def47 for cells of type $extern:wrap:$sub:A_SIGNED=0:A_WIDTH=4:B_SIGNED=0:B_WIDTH=4:Y_WIDTH=4:394426c56d1a028ba8fdd5469b163e04011def47.
Using extmapper simplemap for cells of type $eq.
Running "alumacc" on wrapper $extern:wrap:$mul:A_SIGNED=0:A_WIDTH=32:B_SIGNED=0:B_WIDTH=32:Y_WIDTH=32:394426c56d1a028ba8fdd5469b163e04011def47.
Using template $extern:wrap:$mul:A_SIGNED=0:A_WIDTH=32:B_SIGNED=0:B_WIDTH=32:Y_WIDTH=32:394426c56d1a028ba8fdd5469b163e04011def47 for cells of type $extern:wrap:$mul:A_SIGNED=0:A_WIDTH=32:B_SIGNED=0:B_WIDTH=32:Y_WIDTH=32:394426c56d1a028ba8fdd5469b163e04011def47.
Running "alumacc" on wrapper $extern:wrap:$add:A_SIGNED=0:A_WIDTH=32:B_SIGNED=0:B_WIDTH=32:Y_WIDTH=32:394426c56d1a028ba8fdd5469b163e04011def47.
Using template $extern:wrap:$add:A_SIGNED=0:A_WIDTH=32:B_SIGNED=0:B_WIDTH=32:Y_WIDTH=32:394426c56d1a028ba8fdd5469b163e04011def47 for cells of type $extern:wrap:$add:A_SIGNED=0:A_WIDTH=32:B_SIGNED=0:B_WIDTH=32:Y_WIDTH=32:394426c56d1a028ba8fdd5469b163e04011def47.
Using extmapper simplemap for cells of type $reduce_bool.
Using extmapper simplemap for cells of type $ne.
Using extmapper simplemap for cells of type $reduce_and.
Using template $paramod$740b056ede97228d3eae64ea2fdc81f0a33e0fe7\_90_alu for cells of type $alu.
Using extmapper maccmap for cells of type $macc.
  add { \a_data [7] \a_data [7] \a_data [7] \a_data [7] \a_data [7] \a_data [7] \a_data [7] \a_data [7] \a_data [7] \a_data [7] \a_data [7] \a_data [7] \a_data [7] \a_data [7] \a_data [7] \a_data [7] \a_data [7] \a_data [7] \a_data [7] \a_data [7] \a_data [7] \a_data [7] \a_data [7] \a_data [7] \a_data } * { \b_data [7] \b_data [7] \b_data [7] \b_data [7] \b_data [7] \b_data [7] \b_data [7] \b_data [7] \b_data [7] \b_data [7] \b_data [7] \b_data [7] \b_data [7] \b_data [7] \b_data [7] \b_data [7] \b_data [7] \b_data [7] \b_data [7] \b_data [7] \b_data [7] \b_data [7] \b_data [7] \b_data [7] \b_data } (32x32 bits, unsigned)
Using template $paramod$fbc7873bff55778c0b3173955b7e4bce1d9d6834\_90_alu for cells of type $alu.
Using extmapper simplemap for cells of type $xor.
Using extmapper simplemap for cells of type $and.
Using template $paramod\_90_lcu\WIDTH=32'00000000000000000000000000000100 for cells of type $lcu.
Using extmapper simplemap for cells of type $pos.
Using template $paramod\_90_fa\WIDTH=32'00000000000000000000000000100000 for cells of type $fa.
Using template $paramod\_90_lcu\WIDTH=32'00000000000000000000000000100000 for cells of type $lcu.
Using extmapper simplemap for cells of type $or.
Using template $paramod$8fabc56b80a569262acfc42757a02ca0b8e91278\_90_pmux for cells of type $pmux.
No more expansions possible.
<suppressed ~1132 debug messages>

12. Executing OPT pass (performing simple optimizations).

12.1. Executing OPT_EXPR pass (perform const folding).
Optimizing module $paramod\axi_slave\ADDR_WIDTH=s32'00000000000000000000000000001000.
<suppressed ~97 debug messages>
Optimizing module $paramod\compute_core\MAX_DIM=s32'00000000000000000000000000001000.
<suppressed ~3066 debug messages>
Optimizing module top.
<suppressed ~1 debug messages>

12.2. Executing OPT_MERGE pass (detect identical cells).
Finding identical cells in module `$paramod\axi_slave\ADDR_WIDTH=s32'00000000000000000000000000001000'.
<suppressed ~39 debug messages>
Finding identical cells in module `$paramod\compute_core\MAX_DIM=s32'00000000000000000000000000001000'.
<suppressed ~5166 debug messages>
Finding identical cells in module `\top'.
Removed a total of 1735 cells.

12.3. Executing OPT_MUXTREE pass (detect dead branches in mux trees).
Running muxtree optimizer on module $paramod\axi_slave\ADDR_WIDTH=s32'00000000000000000000000000001000..
  Creating internal representation of mux trees.
  No muxes found in this module.
Running muxtree optimizer on module $paramod\compute_core\MAX_DIM=s32'00000000000000000000000000001000..
  Creating internal representation of mux trees.
  No muxes found in this module.
Running muxtree optimizer on module \top..
  Creating internal representation of mux trees.
  No muxes found in this module.
Removed 0 multiplexer ports.

12.4. Executing OPT_REDUCE pass (consolidate $*mux and $reduce_* inputs).
  Optimizing cells in module $paramod\axi_slave\ADDR_WIDTH=s32'00000000000000000000000000001000.
  Optimizing cells in module $paramod\compute_core\MAX_DIM=s32'00000000000000000000000000001000.
  Optimizing cells in module \top.
Performed a total of 0 changes.

12.5. Executing OPT_MERGE pass (detect identical cells).
Finding identical cells in module `$paramod\axi_slave\ADDR_WIDTH=s32'00000000000000000000000000001000'.
Finding identical cells in module `$paramod\compute_core\MAX_DIM=s32'00000000000000000000000000001000'.
Finding identical cells in module `\top'.
Removed a total of 0 cells.

12.6. Executing OPT_DFF pass (perform DFF optimizations).

12.7. Executing OPT_CLEAN pass (remove unused cells and wires).
Finding unused cells or wires in module $paramod\axi_slave\ADDR_WIDTH=s32'00000000000000000000000000001000..
Finding unused cells or wires in module $paramod\compute_core\MAX_DIM=s32'00000000000000000000000000001000..
Finding unused cells or wires in module \top..
Removed 154 unused cells and 699 unused wires.
<suppressed ~157 debug messages>

12.8. Executing OPT_EXPR pass (perform const folding).
Optimizing module $paramod\axi_slave\ADDR_WIDTH=s32'00000000000000000000000000001000.
Optimizing module $paramod\compute_core\MAX_DIM=s32'00000000000000000000000000001000.
<suppressed ~52 debug messages>
Optimizing module top.

12.9. Rerunning OPT passes. (Maybe there is more to do..)

12.10. Executing OPT_MUXTREE pass (detect dead branches in mux trees).
Running muxtree optimizer on module $paramod\axi_slave\ADDR_WIDTH=s32'00000000000000000000000000001000..
  Creating internal representation of mux trees.
  No muxes found in this module.
Running muxtree optimizer on module $paramod\compute_core\MAX_DIM=s32'00000000000000000000000000001000..
  Creating internal representation of mux trees.
  No muxes found in this module.
Running muxtree optimizer on module \top..
  Creating internal representation of mux trees.
  No muxes found in this module.
Removed 0 multiplexer ports.

12.11. Executing OPT_REDUCE pass (consolidate $*mux and $reduce_* inputs).
  Optimizing cells in module $paramod\axi_slave\ADDR_WIDTH=s32'00000000000000000000000000001000.
  Optimizing cells in module $paramod\compute_core\MAX_DIM=s32'00000000000000000000000000001000.
  Optimizing cells in module \top.
Performed a total of 0 changes.

12.12. Executing OPT_MERGE pass (detect identical cells).
Finding identical cells in module `$paramod\axi_slave\ADDR_WIDTH=s32'00000000000000000000000000001000'.
Finding identical cells in module `$paramod\compute_core\MAX_DIM=s32'00000000000000000000000000001000'.
<suppressed ~36 debug messages>
Finding identical cells in module `\top'.
Removed a total of 12 cells.

12.13. Executing OPT_DFF pass (perform DFF optimizations).

12.14. Executing OPT_CLEAN pass (remove unused cells and wires).
Finding unused cells or wires in module $paramod\axi_slave\ADDR_WIDTH=s32'00000000000000000000000000001000..
Finding unused cells or wires in module $paramod\compute_core\MAX_DIM=s32'00000000000000000000000000001000..
Finding unused cells or wires in module \top..

12.15. Executing OPT_EXPR pass (perform const folding).
Optimizing module $paramod\axi_slave\ADDR_WIDTH=s32'00000000000000000000000000001000.
Optimizing module $paramod\compute_core\MAX_DIM=s32'00000000000000000000000000001000.
Optimizing module top.

12.16. Rerunning OPT passes. (Maybe there is more to do..)

12.17. Executing OPT_MUXTREE pass (detect dead branches in mux trees).
Running muxtree optimizer on module $paramod\axi_slave\ADDR_WIDTH=s32'00000000000000000000000000001000..
  Creating internal representation of mux trees.
  No muxes found in this module.
Running muxtree optimizer on module $paramod\compute_core\MAX_DIM=s32'00000000000000000000000000001000..
  Creating internal representation of mux trees.
  No muxes found in this module.
Running muxtree optimizer on module \top..
  Creating internal representation of mux trees.
  No muxes found in this module.
Removed 0 multiplexer ports.

12.18. Executing OPT_REDUCE pass (consolidate $*mux and $reduce_* inputs).
  Optimizing cells in module $paramod\axi_slave\ADDR_WIDTH=s32'00000000000000000000000000001000.
  Optimizing cells in module $paramod\compute_core\MAX_DIM=s32'00000000000000000000000000001000.
  Optimizing cells in module \top.
Performed a total of 0 changes.

12.19. Executing OPT_MERGE pass (detect identical cells).
Finding identical cells in module `$paramod\axi_slave\ADDR_WIDTH=s32'00000000000000000000000000001000'.
Finding identical cells in module `$paramod\compute_core\MAX_DIM=s32'00000000000000000000000000001000'.
Finding identical cells in module `\top'.
Removed a total of 0 cells.

12.20. Executing OPT_DFF pass (perform DFF optimizations).

12.21. Executing OPT_CLEAN pass (remove unused cells and wires).
Finding unused cells or wires in module $paramod\axi_slave\ADDR_WIDTH=s32'00000000000000000000000000001000..
Finding unused cells or wires in module $paramod\compute_core\MAX_DIM=s32'00000000000000000000000000001000..
Finding unused cells or wires in module \top..

12.22. Executing OPT_EXPR pass (perform const folding).
Optimizing module $paramod\axi_slave\ADDR_WIDTH=s32'00000000000000000000000000001000.
Optimizing module $paramod\compute_core\MAX_DIM=s32'00000000000000000000000000001000.
Optimizing module top.

12.23. Finished OPT passes. (There is nothing left to do.)

13. Executing SYNTH pass.

13.1. Executing HIERARCHY pass (managing design hierarchy).

13.1.1. Analyzing design hierarchy..
Top module:  \top
Used module:     $paramod\compute_core\MAX_DIM=s32'00000000000000000000000000001000
Used module:     $paramod\axi_slave\ADDR_WIDTH=s32'00000000000000000000000000001000

13.1.2. Analyzing design hierarchy..
Top module:  \top
Used module:     $paramod\compute_core\MAX_DIM=s32'00000000000000000000000000001000
Used module:     $paramod\axi_slave\ADDR_WIDTH=s32'00000000000000000000000000001000
Removed 0 unused modules.

13.2. Executing PROC pass (convert processes to netlists).

13.2.1. Executing PROC_CLEAN pass (remove empty switches from decision trees).
Cleaned up 0 empty switches.

13.2.2. Executing PROC_RMDEAD pass (remove dead branches from decision trees).
Removed a total of 0 dead cases.

13.2.3. Executing PROC_PRUNE pass (remove redundant assignments in processes).
Removed 0 redundant assignments.
Promoted 0 assignments to connections.

13.2.4. Executing PROC_INIT pass (extract init attributes).

13.2.5. Executing PROC_ARST pass (detect async resets in processes).

13.2.6. Executing PROC_ROM pass (convert switches to ROMs).
Converted 0 switches.

13.2.7. Executing PROC_MUX pass (convert decision trees to multiplexers).

13.2.8. Executing PROC_DLATCH pass (convert process syncs to latches).

13.2.9. Executing PROC_DFF pass (convert process syncs to FFs).

13.2.10. Executing PROC_MEMWR pass (convert process memory writes to cells).

13.2.11. Executing PROC_CLEAN pass (remove empty switches from decision trees).
Cleaned up 0 empty switches.

13.2.12. Executing OPT_EXPR pass (perform const folding).
Optimizing module $paramod\axi_slave\ADDR_WIDTH=s32'00000000000000000000000000001000.
Optimizing module $paramod\compute_core\MAX_DIM=s32'00000000000000000000000000001000.
Optimizing module top.

13.3. Executing OPT_EXPR pass (perform const folding).
Optimizing module $paramod\axi_slave\ADDR_WIDTH=s32'00000000000000000000000000001000.
Optimizing module $paramod\compute_core\MAX_DIM=s32'00000000000000000000000000001000.
Optimizing module top.

13.4. Executing OPT_CLEAN pass (remove unused cells and wires).
Finding unused cells or wires in module $paramod\axi_slave\ADDR_WIDTH=s32'00000000000000000000000000001000..
Finding unused cells or wires in module $paramod\compute_core\MAX_DIM=s32'00000000000000000000000000001000..
Finding unused cells or wires in module \top..

13.5. Executing CHECK pass (checking for obvious problems).
Checking module $paramod\axi_slave\ADDR_WIDTH=s32'00000000000000000000000000001000...
Checking module $paramod\compute_core\MAX_DIM=s32'00000000000000000000000000001000...
Checking module top...
Found and reported 0 problems.

13.6. Executing OPT pass (performing simple optimizations).

13.6.1. Executing OPT_EXPR pass (perform const folding).
Optimizing module $paramod\axi_slave\ADDR_WIDTH=s32'00000000000000000000000000001000.
Optimizing module $paramod\compute_core\MAX_DIM=s32'00000000000000000000000000001000.
Optimizing module top.

13.6.2. Executing OPT_MERGE pass (detect identical cells).
Finding identical cells in module `$paramod\axi_slave\ADDR_WIDTH=s32'00000000000000000000000000001000'.
Finding identical cells in module `$paramod\compute_core\MAX_DIM=s32'00000000000000000000000000001000'.
Finding identical cells in module `\top'.
Removed a total of 0 cells.

13.6.3. Executing OPT_MUXTREE pass (detect dead branches in mux trees).
Running muxtree optimizer on module $paramod\axi_slave\ADDR_WIDTH=s32'00000000000000000000000000001000..
  Creating internal representation of mux trees.
  No muxes found in this module.
Running muxtree optimizer on module $paramod\compute_core\MAX_DIM=s32'00000000000000000000000000001000..
  Creating internal representation of mux trees.
  No muxes found in this module.
Running muxtree optimizer on module \top..
  Creating internal representation of mux trees.
  No muxes found in this module.
Removed 0 multiplexer ports.

13.6.4. Executing OPT_REDUCE pass (consolidate $*mux and $reduce_* inputs).
  Optimizing cells in module $paramod\axi_slave\ADDR_WIDTH=s32'00000000000000000000000000001000.
  Optimizing cells in module $paramod\compute_core\MAX_DIM=s32'00000000000000000000000000001000.
  Optimizing cells in module \top.
Performed a total of 0 changes.

13.6.5. Executing OPT_MERGE pass (detect identical cells).
Finding identical cells in module `$paramod\axi_slave\ADDR_WIDTH=s32'00000000000000000000000000001000'.
Finding identical cells in module `$paramod\compute_core\MAX_DIM=s32'00000000000000000000000000001000'.
Finding identical cells in module `\top'.
Removed a total of 0 cells.

13.6.6. Executing OPT_DFF pass (perform DFF optimizations).

13.6.7. Executing OPT_CLEAN pass (remove unused cells and wires).
Finding unused cells or wires in module $paramod\axi_slave\ADDR_WIDTH=s32'00000000000000000000000000001000..
Finding unused cells or wires in module $paramod\compute_core\MAX_DIM=s32'00000000000000000000000000001000..
Finding unused cells or wires in module \top..

13.6.8. Executing OPT_EXPR pass (perform const folding).
Optimizing module $paramod\axi_slave\ADDR_WIDTH=s32'00000000000000000000000000001000.
Optimizing module $paramod\compute_core\MAX_DIM=s32'00000000000000000000000000001000.
Optimizing module top.

13.6.9. Finished OPT passes. (There is nothing left to do.)

13.7. Executing FSM pass (extract and optimize FSM).

13.7.1. Executing FSM_DETECT pass (finding FSMs in design).

13.7.2. Executing FSM_EXTRACT pass (extracting FSM from design).

13.7.3. Executing FSM_OPT pass (simple optimizations of FSMs).

13.7.4. Executing OPT_CLEAN pass (remove unused cells and wires).
Finding unused cells or wires in module $paramod\axi_slave\ADDR_WIDTH=s32'00000000000000000000000000001000..
Finding unused cells or wires in module $paramod\compute_core\MAX_DIM=s32'00000000000000000000000000001000..
Finding unused cells or wires in module \top..

13.7.5. Executing FSM_OPT pass (simple optimizations of FSMs).

13.7.6. Executing FSM_RECODE pass (re-assigning FSM state encoding).

13.7.7. Executing FSM_INFO pass (dumping all available information on FSM cells).

13.7.8. Executing FSM_MAP pass (mapping FSMs to basic logic).

13.8. Executing OPT pass (performing simple optimizations).

13.8.1. Executing OPT_EXPR pass (perform const folding).
Optimizing module $paramod\axi_slave\ADDR_WIDTH=s32'00000000000000000000000000001000.
Optimizing module $paramod\compute_core\MAX_DIM=s32'00000000000000000000000000001000.
Optimizing module top.

13.8.2. Executing OPT_MERGE pass (detect identical cells).
Finding identical cells in module `$paramod\axi_slave\ADDR_WIDTH=s32'00000000000000000000000000001000'.
Finding identical cells in module `$paramod\compute_core\MAX_DIM=s32'00000000000000000000000000001000'.
Finding identical cells in module `\top'.
Removed a total of 0 cells.

13.8.3. Executing OPT_MUXTREE pass (detect dead branches in mux trees).
Running muxtree optimizer on module $paramod\axi_slave\ADDR_WIDTH=s32'00000000000000000000000000001000..
  Creating internal representation of mux trees.
  No muxes found in this module.
Running muxtree optimizer on module $paramod\compute_core\MAX_DIM=s32'00000000000000000000000000001000..
  Creating internal representation of mux trees.
  No muxes found in this module.
Running muxtree optimizer on module \top..
  Creating internal representation of mux trees.
  No muxes found in this module.
Removed 0 multiplexer ports.

13.8.4. Executing OPT_REDUCE pass (consolidate $*mux and $reduce_* inputs).
  Optimizing cells in module $paramod\axi_slave\ADDR_WIDTH=s32'00000000000000000000000000001000.
  Optimizing cells in module $paramod\compute_core\MAX_DIM=s32'00000000000000000000000000001000.
  Optimizing cells in module \top.
Performed a total of 0 changes.

13.8.5. Executing OPT_MERGE pass (detect identical cells).
Finding identical cells in module `$paramod\axi_slave\ADDR_WIDTH=s32'00000000000000000000000000001000'.
Finding identical cells in module `$paramod\compute_core\MAX_DIM=s32'00000000000000000000000000001000'.
Finding identical cells in module `\top'.
Removed a total of 0 cells.

13.8.6. Executing OPT_DFF pass (perform DFF optimizations).

13.8.7. Executing OPT_CLEAN pass (remove unused cells and wires).
Finding unused cells or wires in module $paramod\axi_slave\ADDR_WIDTH=s32'00000000000000000000000000001000..
Finding unused cells or wires in module $paramod\compute_core\MAX_DIM=s32'00000000000000000000000000001000..
Finding unused cells or wires in module \top..

13.8.8. Executing OPT_EXPR pass (perform const folding).
Optimizing module $paramod\axi_slave\ADDR_WIDTH=s32'00000000000000000000000000001000.
Optimizing module $paramod\compute_core\MAX_DIM=s32'00000000000000000000000000001000.
Optimizing module top.

13.8.9. Finished OPT passes. (There is nothing left to do.)

13.9. Executing WREDUCE pass (reducing word size of cells).
Removed top 24 bits (of 32) from wire $paramod\axi_slave\ADDR_WIDTH=s32'00000000000000000000000000001000.wd_reg.

13.10. Executing PEEPOPT pass (run peephole optimizers).

13.11. Executing OPT_CLEAN pass (remove unused cells and wires).
Finding unused cells or wires in module $paramod\axi_slave\ADDR_WIDTH=s32'00000000000000000000000000001000..
Finding unused cells or wires in module $paramod\compute_core\MAX_DIM=s32'00000000000000000000000000001000..
Finding unused cells or wires in module \top..
Removed 0 unused cells and 1 unused wires.
<suppressed ~1 debug messages>

13.12. Executing ALUMACC pass (create $alu and $macc cells).
Extracting $alu and $macc cells in module $paramod\axi_slave\ADDR_WIDTH=s32'00000000000000000000000000001000:
  created 0 $alu and 0 $macc cells.
Extracting $alu and $macc cells in module $paramod\compute_core\MAX_DIM=s32'00000000000000000000000000001000:
  created 0 $alu and 0 $macc cells.
Extracting $alu and $macc cells in module top:
  created 0 $alu and 0 $macc cells.

13.13. Executing SHARE pass (SAT-based resource sharing).

13.14. Executing OPT pass (performing simple optimizations).

13.14.1. Executing OPT_EXPR pass (perform const folding).
Optimizing module $paramod\axi_slave\ADDR_WIDTH=s32'00000000000000000000000000001000.
Optimizing module $paramod\compute_core\MAX_DIM=s32'00000000000000000000000000001000.
Optimizing module top.

13.14.2. Executing OPT_MERGE pass (detect identical cells).
Finding identical cells in module `$paramod\axi_slave\ADDR_WIDTH=s32'00000000000000000000000000001000'.
Finding identical cells in module `$paramod\compute_core\MAX_DIM=s32'00000000000000000000000000001000'.
Finding identical cells in module `\top'.
Removed a total of 0 cells.

13.14.3. Executing OPT_MUXTREE pass (detect dead branches in mux trees).
Running muxtree optimizer on module $paramod\axi_slave\ADDR_WIDTH=s32'00000000000000000000000000001000..
  Creating internal representation of mux trees.
  No muxes found in this module.
Running muxtree optimizer on module $paramod\compute_core\MAX_DIM=s32'00000000000000000000000000001000..
  Creating internal representation of mux trees.
  No muxes found in this module.
Running muxtree optimizer on module \top..
  Creating internal representation of mux trees.
  No muxes found in this module.
Removed 0 multiplexer ports.

13.14.4. Executing OPT_REDUCE pass (consolidate $*mux and $reduce_* inputs).
  Optimizing cells in module $paramod\axi_slave\ADDR_WIDTH=s32'00000000000000000000000000001000.
  Optimizing cells in module $paramod\compute_core\MAX_DIM=s32'00000000000000000000000000001000.
  Optimizing cells in module \top.
Performed a total of 0 changes.

13.14.5. Executing OPT_MERGE pass (detect identical cells).
Finding identical cells in module `$paramod\axi_slave\ADDR_WIDTH=s32'00000000000000000000000000001000'.
Finding identical cells in module `$paramod\compute_core\MAX_DIM=s32'00000000000000000000000000001000'.
Finding identical cells in module `\top'.
Removed a total of 0 cells.

13.14.6. Executing OPT_DFF pass (perform DFF optimizations).

13.14.7. Executing OPT_CLEAN pass (remove unused cells and wires).
Finding unused cells or wires in module $paramod\axi_slave\ADDR_WIDTH=s32'00000000000000000000000000001000..
Finding unused cells or wires in module $paramod\compute_core\MAX_DIM=s32'00000000000000000000000000001000..
Finding unused cells or wires in module \top..

13.14.8. Executing OPT_EXPR pass (perform const folding).
Optimizing module $paramod\axi_slave\ADDR_WIDTH=s32'00000000000000000000000000001000.
Optimizing module $paramod\compute_core\MAX_DIM=s32'00000000000000000000000000001000.
Optimizing module top.

13.14.9. Finished OPT passes. (There is nothing left to do.)

13.15. Executing MEMORY pass.

13.15.1. Executing OPT_MEM pass (optimize memories).
Performed a total of 0 transformations.

13.15.2. Executing OPT_MEM_PRIORITY pass (removing unnecessary memory write priority relations).
Performed a total of 0 transformations.

13.15.3. Executing OPT_MEM_FEEDBACK pass (finding memory read-to-write feedback paths).

13.15.4. Executing MEMORY_BMUX2ROM pass (converting muxes to ROMs).

13.15.5. Executing MEMORY_DFF pass (merging $dff cells to $memrd).

13.15.6. Executing OPT_CLEAN pass (remove unused cells and wires).
Finding unused cells or wires in module $paramod\axi_slave\ADDR_WIDTH=s32'00000000000000000000000000001000..
Finding unused cells or wires in module $paramod\compute_core\MAX_DIM=s32'00000000000000000000000000001000..
Finding unused cells or wires in module \top..

13.15.7. Executing MEMORY_SHARE pass (consolidating $memrd/$memwr cells).

13.15.8. Executing OPT_MEM_WIDEN pass (optimize memories where all ports are wide).
Performed a total of 0 transformations.

13.15.9. Executing OPT_CLEAN pass (remove unused cells and wires).
Finding unused cells or wires in module $paramod\axi_slave\ADDR_WIDTH=s32'00000000000000000000000000001000..
Finding unused cells or wires in module $paramod\compute_core\MAX_DIM=s32'00000000000000000000000000001000..
Finding unused cells or wires in module \top..

13.15.10. Executing MEMORY_COLLECT pass (generating $mem cells).

13.16. Executing OPT_CLEAN pass (remove unused cells and wires).
Finding unused cells or wires in module $paramod\axi_slave\ADDR_WIDTH=s32'00000000000000000000000000001000..
Finding unused cells or wires in module $paramod\compute_core\MAX_DIM=s32'00000000000000000000000000001000..
Finding unused cells or wires in module \top..

13.17. Executing OPT pass (performing simple optimizations).

13.17.1. Executing OPT_EXPR pass (perform const folding).
Optimizing module $paramod\axi_slave\ADDR_WIDTH=s32'00000000000000000000000000001000.
<suppressed ~15 debug messages>
Optimizing module $paramod\compute_core\MAX_DIM=s32'00000000000000000000000000001000.
<suppressed ~7 debug messages>
Optimizing module top.

13.17.2. Executing OPT_MERGE pass (detect identical cells).
Finding identical cells in module `$paramod\axi_slave\ADDR_WIDTH=s32'00000000000000000000000000001000'.
Finding identical cells in module `$paramod\compute_core\MAX_DIM=s32'00000000000000000000000000001000'.
Finding identical cells in module `\top'.
Removed a total of 0 cells.

13.17.3. Executing OPT_DFF pass (perform DFF optimizations).

13.17.4. Executing OPT_CLEAN pass (remove unused cells and wires).
Finding unused cells or wires in module $paramod\axi_slave\ADDR_WIDTH=s32'00000000000000000000000000001000..
Finding unused cells or wires in module $paramod\compute_core\MAX_DIM=s32'00000000000000000000000000001000..
Finding unused cells or wires in module \top..
Removed 0 unused cells and 10 unused wires.
<suppressed ~2 debug messages>

13.17.5. Finished fast OPT passes.

13.18. Executing MEMORY_MAP pass (converting memories to logic and flip-flops).

13.19. Executing OPT pass (performing simple optimizations).

13.19.1. Executing OPT_EXPR pass (perform const folding).
Optimizing module $paramod\axi_slave\ADDR_WIDTH=s32'00000000000000000000000000001000.
Optimizing module $paramod\compute_core\MAX_DIM=s32'00000000000000000000000000001000.
Optimizing module top.

13.19.2. Executing OPT_MERGE pass (detect identical cells).
Finding identical cells in module `$paramod\axi_slave\ADDR_WIDTH=s32'00000000000000000000000000001000'.
Finding identical cells in module `$paramod\compute_core\MAX_DIM=s32'00000000000000000000000000001000'.
Finding identical cells in module `\top'.
Removed a total of 0 cells.

13.19.3. Executing OPT_MUXTREE pass (detect dead branches in mux trees).
Running muxtree optimizer on module $paramod\axi_slave\ADDR_WIDTH=s32'00000000000000000000000000001000..
  Creating internal representation of mux trees.
  No muxes found in this module.
Running muxtree optimizer on module $paramod\compute_core\MAX_DIM=s32'00000000000000000000000000001000..
  Creating internal representation of mux trees.
  No muxes found in this module.
Running muxtree optimizer on module \top..
  Creating internal representation of mux trees.
  No muxes found in this module.
Removed 0 multiplexer ports.

13.19.4. Executing OPT_REDUCE pass (consolidate $*mux and $reduce_* inputs).
  Optimizing cells in module $paramod\axi_slave\ADDR_WIDTH=s32'00000000000000000000000000001000.
  Optimizing cells in module $paramod\compute_core\MAX_DIM=s32'00000000000000000000000000001000.
  Optimizing cells in module \top.
Performed a total of 0 changes.

13.19.5. Executing OPT_MERGE pass (detect identical cells).
Finding identical cells in module `$paramod\axi_slave\ADDR_WIDTH=s32'00000000000000000000000000001000'.
Finding identical cells in module `$paramod\compute_core\MAX_DIM=s32'00000000000000000000000000001000'.
Finding identical cells in module `\top'.
Removed a total of 0 cells.

13.19.6. Executing OPT_SHARE pass.

13.19.7. Executing OPT_DFF pass (perform DFF optimizations).

13.19.8. Executing OPT_CLEAN pass (remove unused cells and wires).
Finding unused cells or wires in module $paramod\axi_slave\ADDR_WIDTH=s32'00000000000000000000000000001000..
Finding unused cells or wires in module $paramod\compute_core\MAX_DIM=s32'00000000000000000000000000001000..
Finding unused cells or wires in module \top..

13.19.9. Executing OPT_EXPR pass (perform const folding).
Optimizing module $paramod\axi_slave\ADDR_WIDTH=s32'00000000000000000000000000001000.
Optimizing module $paramod\compute_core\MAX_DIM=s32'00000000000000000000000000001000.
Optimizing module top.

13.19.10. Finished OPT passes. (There is nothing left to do.)

13.20. Executing TECHMAP pass (map to technology primitives).

13.20.1. Executing Verilog-2005 frontend: /usr/bin/../share/yosys/techmap.v
Parsing Verilog input from `/usr/bin/../share/yosys/techmap.v' to AST representation.
Generating RTLIL representation for module `\_90_simplemap_bool_ops'.
Generating RTLIL representation for module `\_90_simplemap_reduce_ops'.
Generating RTLIL representation for module `\_90_simplemap_logic_ops'.
Generating RTLIL representation for module `\_90_simplemap_compare_ops'.
Generating RTLIL representation for module `\_90_simplemap_various'.
Generating RTLIL representation for module `\_90_simplemap_registers'.
Generating RTLIL representation for module `\_90_shift_ops_shr_shl_sshl_sshr'.
Generating RTLIL representation for module `\_90_shift_shiftx'.
Generating RTLIL representation for module `\_90_fa'.
Generating RTLIL representation for module `\_90_lcu'.
Generating RTLIL representation for module `\_90_alu'.
Generating RTLIL representation for module `\_90_macc'.
Generating RTLIL representation for module `\_90_alumacc'.
Generating RTLIL representation for module `\$__div_mod_u'.
Generating RTLIL representation for module `\$__div_mod_trunc'.
Generating RTLIL representation for module `\_90_div'.
Generating RTLIL representation for module `\_90_mod'.
Generating RTLIL representation for module `\$__div_mod_floor'.
Generating RTLIL representation for module `\_90_divfloor'.
Generating RTLIL representation for module `\_90_modfloor'.
Generating RTLIL representation for module `\_90_pow'.
Generating RTLIL representation for module `\_90_pmux'.
Generating RTLIL representation for module `\_90_demux'.
Generating RTLIL representation for module `\_90_lut'.
Successfully finished Verilog frontend.

13.20.2. Continuing TECHMAP pass.
No more expansions possible.
<suppressed ~73 debug messages>

13.21. Executing OPT pass (performing simple optimizations).

13.21.1. Executing OPT_EXPR pass (perform const folding).
Optimizing module $paramod\axi_slave\ADDR_WIDTH=s32'00000000000000000000000000001000.
Optimizing module $paramod\compute_core\MAX_DIM=s32'00000000000000000000000000001000.
Optimizing module top.

13.21.2. Executing OPT_MERGE pass (detect identical cells).
Finding identical cells in module `$paramod\axi_slave\ADDR_WIDTH=s32'00000000000000000000000000001000'.
Finding identical cells in module `$paramod\compute_core\MAX_DIM=s32'00000000000000000000000000001000'.
Finding identical cells in module `\top'.
Removed a total of 0 cells.

13.21.3. Executing OPT_DFF pass (perform DFF optimizations).

13.21.4. Executing OPT_CLEAN pass (remove unused cells and wires).
Finding unused cells or wires in module $paramod\axi_slave\ADDR_WIDTH=s32'00000000000000000000000000001000..
Finding unused cells or wires in module $paramod\compute_core\MAX_DIM=s32'00000000000000000000000000001000..
Finding unused cells or wires in module \top..

13.21.5. Finished fast OPT passes.

13.22. Executing ABC pass (technology mapping using ABC).

13.22.1. Extracting gate netlist of module `$paramod\axi_slave\ADDR_WIDTH=s32'00000000000000000000000000001000' to `<abc-temp-dir>/input.blif'..
Extracted 124 gates and 185 wires to a netlist network with 60 inputs and 47 outputs.

13.22.1.1. Executing ABC.
Running ABC command: "<yosys-exe-dir>/yosys-abc" -s -f <abc-temp-dir>/abc.script 2>&1
ABC: ABC command line: "source <abc-temp-dir>/abc.script".
ABC: 
ABC: + read_blif <abc-temp-dir>/input.blif 
ABC: + read_library <abc-temp-dir>/stdcells.genlib 
ABC: Entered genlib library with 13 gates from file "<abc-temp-dir>/stdcells.genlib".
ABC: + strash 
ABC: + dretime 
ABC: + map 
ABC: + write_blif <abc-temp-dir>/output.blif 

13.22.1.2. Re-integrating ABC results.
ABC RESULTS:               NOT cells:        1
ABC RESULTS:               NOR cells:        4
ABC RESULTS:              NAND cells:        1
ABC RESULTS:             ORNOT cells:        4
ABC RESULTS:            ANDNOT cells:       13
ABC RESULTS:                OR cells:       17
ABC RESULTS:               AND cells:       13
ABC RESULTS:               MUX cells:       26
ABC RESULTS:        internal signals:       78
ABC RESULTS:           input signals:       60
ABC RESULTS:          output signals:       47
Removing temp directory.

13.22.2. Extracting gate netlist of module `$paramod\compute_core\MAX_DIM=s32'00000000000000000000000000001000' to `<abc-temp-dir>/input.blif'..
Extracted 1556 gates and 1617 wires to a netlist network with 61 inputs and 43 outputs.

13.22.2.1. Executing ABC.
Running ABC command: "<yosys-exe-dir>/yosys-abc" -s -f <abc-temp-dir>/abc.script 2>&1
ABC: ABC command line: "source <abc-temp-dir>/abc.script".
ABC: 
ABC: + read_blif <abc-temp-dir>/input.blif 
ABC: + read_library <abc-temp-dir>/stdcells.genlib 
ABC: Entered genlib library with 13 gates from file "<abc-temp-dir>/stdcells.genlib".
ABC: + strash 
ABC: + dretime 
ABC: + map 
ABC: + write_blif <abc-temp-dir>/output.blif 

13.22.2.2. Re-integrating ABC results.
ABC RESULTS:               AND cells:       50
ABC RESULTS:               NOT cells:       59
ABC RESULTS:              XNOR cells:       93
ABC RESULTS:              NAND cells:       62
ABC RESULTS:                OR cells:      202
ABC RESULTS:             ORNOT cells:       57
ABC RESULTS:               NOR cells:       82
ABC RESULTS:            ANDNOT cells:      510
ABC RESULTS:               XOR cells:      477
ABC RESULTS:        internal signals:     1513
ABC RESULTS:           input signals:       61
ABC RESULTS:          output signals:       43
Removing temp directory.

13.22.3. Extracting gate netlist of module `\top' to `<abc-temp-dir>/input.blif'..
Extracted 25 gates and 62 wires to a netlist network with 37 inputs and 20 outputs.

13.22.3.1. Executing ABC.
Running ABC command: "<yosys-exe-dir>/yosys-abc" -s -f <abc-temp-dir>/abc.script 2>&1
ABC: ABC command line: "source <abc-temp-dir>/abc.script".
ABC: 
ABC: + read_blif <abc-temp-dir>/input.blif 
ABC: + read_library <abc-temp-dir>/stdcells.genlib 
ABC: Entered genlib library with 13 gates from file "<abc-temp-dir>/stdcells.genlib".
ABC: + strash 
ABC: + dretime 
ABC: + map 
ABC: + write_blif <abc-temp-dir>/output.blif 

13.22.3.2. Re-integrating ABC results.
ABC RESULTS:                OR cells:        1
ABC RESULTS:               NOR cells:        1
ABC RESULTS:             ORNOT cells:        1
ABC RESULTS:            ANDNOT cells:        3
ABC RESULTS:               MUX cells:       16
ABC RESULTS:        internal signals:        5
ABC RESULTS:           input signals:       37
ABC RESULTS:          output signals:       20
Removing temp directory.

13.23. Executing OPT pass (performing simple optimizations).

13.23.1. Executing OPT_EXPR pass (perform const folding).
Optimizing module $paramod\axi_slave\ADDR_WIDTH=s32'00000000000000000000000000001000.
Optimizing module $paramod\compute_core\MAX_DIM=s32'00000000000000000000000000001000.
Optimizing module top.

13.23.2. Executing OPT_MERGE pass (detect identical cells).
Finding identical cells in module `$paramod\axi_slave\ADDR_WIDTH=s32'00000000000000000000000000001000'.
Finding identical cells in module `$paramod\compute_core\MAX_DIM=s32'00000000000000000000000000001000'.
<suppressed ~27 debug messages>
Finding identical cells in module `\top'.
Removed a total of 9 cells.

13.23.3. Executing OPT_DFF pass (perform DFF optimizations).

13.23.4. Executing OPT_CLEAN pass (remove unused cells and wires).
Finding unused cells or wires in module $paramod\axi_slave\ADDR_WIDTH=s32'00000000000000000000000000001000..
Finding unused cells or wires in module $paramod\compute_core\MAX_DIM=s32'00000000000000000000000000001000..
Finding unused cells or wires in module \top..
Removed 0 unused cells and 595 unused wires.
<suppressed ~3 debug messages>

13.23.5. Finished fast OPT passes.

13.24. Executing HIERARCHY pass (managing design hierarchy).

13.24.1. Analyzing design hierarchy..
Top module:  \top
Used module:     $paramod\compute_core\MAX_DIM=s32'00000000000000000000000000001000
Used module:     $paramod\axi_slave\ADDR_WIDTH=s32'00000000000000000000000000001000

13.24.2. Analyzing design hierarchy..
Top module:  \top
Used module:     $paramod\compute_core\MAX_DIM=s32'00000000000000000000000000001000
Used module:     $paramod\axi_slave\ADDR_WIDTH=s32'00000000000000000000000000001000
Removed 0 unused modules.

13.25. Printing statistics.

=== $paramod\axi_slave\ADDR_WIDTH=s32'00000000000000000000000000001000 ===

   Number of wires:                 83
   Number of wire bits:            291
   Number of public wires:          35
   Number of public wire bits:     212
   Number of memories:               0
   Number of memory bits:            0
   Number of processes:              0
   Number of cells:                190
     $_ANDNOT_                      13
     $_AND_                         13
     $_MUX_                         26
     $_NAND_                         1
     $_NOR_                          4
     $_NOT_                          1
     $_ORNOT_                        4
     $_OR_                          17
     $_SDFFE_PN0P_                 104
     $_SDFFE_PN1P_                   1
     $_SDFF_PN0_                     6

=== $paramod\compute_core\MAX_DIM=s32'00000000000000000000000000001000 ===

   Number of wires:               1567
   Number of wire bits:           1711
   Number of public wires:          14
   Number of public wire bits:      96
   Number of memories:               0
   Number of memory bits:            0
   Number of processes:              0
   Number of cells:               1653
     $_ANDNOT_                     510
     $_AND_                         50
     $_NAND_                        55
     $_NOR_                         82
     $_NOT_                         59
     $_ORNOT_                       57
     $_OR_                         202
     $_SDFFE_PN0P_                  33
     $_SDFFE_PP0P_                  36
     $_SDFF_PP0_                     1
     $_XNOR_                        91
     $_XOR_                        477

=== top ===

   Number of wires:                 58
   Number of wire bits:            215
   Number of public wires:          36
   Number of public wire bits:     193
   Number of memories:               0
   Number of memory bits:            0
   Number of processes:              0
   Number of cells:                 59
     $_ANDNOT_                       3
     $_MUX_                         16
     $_NOR_                          1
     $_ORNOT_                        1
     $_OR_                           1
     $_SDFFE_PN0P_                  32
     $_SDFFE_PP0P_                   2
     $_SDFF_PN0_                     1
     $paramod\axi_slave\ADDR_WIDTH=s32'00000000000000000000000000001000      1
     $paramod\compute_core\MAX_DIM=s32'00000000000000000000000000001000      1

=== design hierarchy ===

   top                               1
     $paramod\axi_slave\ADDR_WIDTH=s32'00000000000000000000000000001000      1
     $paramod\compute_core\MAX_DIM=s32'00000000000000000000000000001000      1

   Number of wires:               1708
   Number of wire bits:           2217
   Number of public wires:          85
   Number of public wire bits:     501
   Number of memories:               0
   Number of memory bits:            0
   Number of processes:              0
   Number of cells:               1900
     $_ANDNOT_                     526
     $_AND_                         63
     $_MUX_                         42
     $_NAND_                        56
     $_NOR_                         87
     $_NOT_                         60
     $_ORNOT_                       62
     $_OR_                         220
     $_SDFFE_PN0P_                 169
     $_SDFFE_PN1P_                   1
     $_SDFFE_PP0P_                  38
     $_SDFF_PN0_                     7
     $_SDFF_PP0_                     1
     $_XNOR_                        91
     $_XOR_                        477

13.26. Executing CHECK pass (checking for obvious problems).
Checking module $paramod\axi_slave\ADDR_WIDTH=s32'00000000000000000000000000001000...
Checking module $paramod\compute_core\MAX_DIM=s32'00000000000000000000000000001000...
Checking module top...
Found and reported 0 problems.

14. Printing statistics.

=== $paramod\axi_slave\ADDR_WIDTH=s32'00000000000000000000000000001000 ===

   Number of wires:                 83
   Number of wire bits:            291
   Number of public wires:          35
   Number of public wire bits:     212
   Number of memories:               0
   Number of memory bits:            0
   Number of processes:              0
   Number of cells:                190
     $_ANDNOT_                      13
     $_AND_                         13
     $_MUX_                         26
     $_NAND_                         1
     $_NOR_                          4
     $_NOT_                          1
     $_ORNOT_                        4
     $_OR_                          17
     $_SDFFE_PN0P_                 104
     $_SDFFE_PN1P_                   1
     $_SDFF_PN0_                     6

=== $paramod\compute_core\MAX_DIM=s32'00000000000000000000000000001000 ===

   Number of wires:               1567
   Number of wire bits:           1711
   Number of public wires:          14
   Number of public wire bits:      96
   Number of memories:               0
   Number of memory bits:            0
   Number of processes:              0
   Number of cells:               1653
     $_ANDNOT_                     510
     $_AND_                         50
     $_NAND_                        55
     $_NOR_                         82
     $_NOT_                         59
     $_ORNOT_                       57
     $_OR_                         202
     $_SDFFE_PN0P_                  33
     $_SDFFE_PP0P_                  36
     $_SDFF_PP0_                     1
     $_XNOR_                        91
     $_XOR_                        477

=== top ===

   Number of wires:                 58
   Number of wire bits:            215
   Number of public wires:          36
   Number of public wire bits:     193
   Number of memories:               0
   Number of memory bits:            0
   Number of processes:              0
   Number of cells:                 59
     $_ANDNOT_                       3
     $_MUX_                         16
     $_NOR_                          1
     $_ORNOT_                        1
     $_OR_                           1
     $_SDFFE_PN0P_                  32
     $_SDFFE_PP0P_                   2
     $_SDFF_PN0_                     1
     $paramod\axi_slave\ADDR_WIDTH=s32'00000000000000000000000000001000      1
     $paramod\compute_core\MAX_DIM=s32'00000000000000000000000000001000      1

=== design hierarchy ===

   top                               1
     $paramod\axi_slave\ADDR_WIDTH=s32'00000000000000000000000000001000      1
     $paramod\compute_core\MAX_DIM=s32'00000000000000000000000000001000      1

   Number of wires:               1708
   Number of wire bits:           2217
   Number of public wires:          85
   Number of public wire bits:     501
   Number of memories:               0
   Number of memory bits:            0
   Number of processes:              0
   Number of cells:               1900
     $_ANDNOT_                     526
     $_AND_                         63
     $_MUX_                         42
     $_NAND_                        56
     $_NOR_                         87
     $_NOT_                         60
     $_ORNOT_                       62
     $_OR_                         220
     $_SDFFE_PN0P_                 169
     $_SDFFE_PN1P_                   1
     $_SDFFE_PP0P_                  38
     $_SDFF_PN0_                     7
     $_SDFF_PP0_                     1
     $_XNOR_                        91
     $_XOR_                        477

End of script. Logfile hash: c75cd9618e, CPU: user 2.60s system 0.05s, MEM: 29.17 MB peak
Yosys 0.33 (git sha1 2584903a060)
Time spent: 32% 30x opt_expr (0 sec), 15% 26x opt_clean (0 sec), ...
